<?xml version="1.0" encoding="UTF-8"?>
<!-- Generated by org.testng.reporters.JUnitXMLReporter -->
<testsuite ignored="0" hostname="DESKTOP-1ILH4UB" failures="1" tests="1" name="Validating User login" time="1.015" errors="0" timestamp="2020-01-04T10:19:54 IST">
  <testcase classname="cucumber.api.testng.AbstractTestNGCucumberTests" name="feature" time="0.503">
    <failure type="cucumber.runtime.CucumberException" message="java.lang.NullPointerException">
      <![CDATA[cucumber.runtime.CucumberException: java.lang.NullPointerException
at cucumber.api.testng.TestNGCucumberRunner.runCucumber(TestNGCucumberRunner.java:69)
at cucumber.api.testng.AbstractTestNGCucumberTests.feature(AbstractTestNGCucumberTests.java:21)
at java.base/java.util.ArrayList.forEach(ArrayList.java:1507)
Caused by: java.lang.NullPointerException
at com.baseproject.utility.BasePage.openUrl(BasePage.java:269)
at pages.foxLoginPage.openLoginPage(foxLoginPage.java:26)
at stepDefinations.foxtestDefination.initialize_the_browser_with_chrome(foxtestDefination.java:34)
at âœ½.Given Initialize the browser with chrome(foxtest.feature:4)
... Removed 27 stack frames]]>
    </failure>
  </testcase> <!-- feature -->
</testsuite> <!-- Validating User login -->
